*************************** $NAP Antivirus$ ****************************************
                                           Author- Nitesh Agarwal
*********************************************************************************
User Computer File's And Folder's System


Start Scan:Tue Nov 03 14:19:41 IST 2015



C:\ Drive
 |_ $Recycle.Bin
 |   |_ S-1-5-18
 |_ ADOBE
 |_ AHDL63Setup.log
 |_ Autoexec.bat
 |   |_ clsPublicMethods.class
 |   |_ clsPublicMethods.java
 |   |_ clsPublicVariables.java
 |   |_ CnR.bat
 |   |_ COM
 |   |   |_BIROSOFT
 |   |   |  |_BIROSOFT
 |   |_ FrmCustomer$1.class
 |   |_ FrmCustomer$2.class
 |   |_ FrmCustomer.class
 |   |_ FrmCustomer.java
 |   |_ FrmInvoice.class
 |   |_ FrmInvoice.java
 |   |_ FrmProduct$1.class
 |   |_ FrmProduct$2.class
 |   |_ FrmProduct.class
 |   |_ FrmProduct.java
 |   |_ FrmSalesRep$1.class
 |   |_ FrmSalesRep$2.class
 |   |_ FrmSalesRep.class
 |   |_ FrmSalesRep.java
 |   |_ FrmSearchCustomer$1.class
 |   |_ FrmSearchCustomer.class
 |   |_ FrmSearchCustomer.java
 |   |_ FrmSearchProduct$1.class
 |   |_ FrmSearchProduct.class
 |   |_ FrmSearchProduct.java
 |   |_ FrmSearchSalesRep$1.class
 |   |_ FrmSearchSalesRep.class
 |   |_ FrmSearchSalesRep.java
 |   |_ FrmSearchSupplier$1.class
 |   |_ FrmSearchSupplier.class
 |   |_ FrmSearchSupplier.java
 |   |_ FrmSearchWarehouse$1.class
 |   |_ FrmSearchWarehouse.class
 |   |_ FrmSearchWarehouse.java
 |   |_ FrmSplash.class
 |   |_ FrmSplash.java
 |   |_ FrmSupplier$1.class
 |   |_ FrmSupplier$2.class
 |   |_ FrmSupplier.class
 |   |_ FrmSupplier.java
 |   |_ FrmWarehouse$1.class
 |   |_ FrmWarehouse$2.class
 |   |_ FrmWarehouse.class
 |   |_ FrmWarehouse.java
 |   |_ frm_add_edit_customer$1.class
 |   |_ frm_add_edit_customer.class
 |   |_ frm_add_edit_customer.java
 |   |_ frm_add_edit_product$1.class
 |   |_ frm_add_edit_product.class
 |   |_ frm_add_edit_product.java
 |   |_ frm_add_edit_salesrep$1.class
 |   |_ frm_add_edit_salesrep.class
 |   |_ frm_add_edit_salesrep.java
 |   |_ frm_add_edit_supplier$1.class
 |   |_ frm_add_edit_supplier.class
 |   |_ frm_add_edit_supplier.java
 |   |_ frm_add_edit_warehouse$1.class
 |   |_ frm_add_edit_warehouse.class
 |   |_ frm_add_edit_warehouse.java
 |   |_ HELP
 |   |   |_Index.htm
 |   |_ hs_err_pid1528.log
 |   |_ IMAGES
 |   |   |_1BL.PNG
 |   |   |_1O.PNG
 |   |   |_1Q.PNG
 |   |   |_1QN.PNG
 |   |   |_adjustment.png
 |   |   |_APPICON.PNG
 |   |   |_BLN.PNG
 |   |   |_bModify.png
 |   |   |_bNew.png
 |   |   |_BRANCH.PNG
 |   |   |_bSearch.png
 |   |   |_businesssetup.png
 |   |   |_CANCEL.PNG
 |   |   |_categories.png
 |   |   |_CUSTOMER.PNG
 |   |   |_DELETE.PNG
 |   |   |_EXIT.PNG
 |   |   |_EXPENSE.PNG
 |   |   |_HELPER.PNG
 |   |   |_INVOICE.PNG
 |   |   |_lockapplication.png
 |   |   |_LOGGOFF.PNG
 |   |   |_MODIFY.PNG
 |   |   |_NEW.PNG
 |   |   |_newexpense.png
 |   |   |_newinvoice.png
 |   |   |_newpurchaseorder.png
 |   |   |_newrecieve.png
 |   |   |_ON.PNG
 |   |   |_PRINT.PNG
 |   |   |_PRODUCT.PNG
 |   |   |_purchaseorder.png
 |   |   |_RECIEVE.PNG
 |   |   |_RELOAD.PNG
 |   |   |_RESET.PNG
 |   |   |_SalesRep.png
 |   |   |_SAVE.PNG
 |   |   |_SEARCH.PNG
 |   |   |_SECURITY.PNG
 |   |   |_SPLASH.JPG
 |   |   |_SUPPLIER.PNG
 |   |   |_Thumbs.db
 |   |   |_Warehouse.png
 |   |_ MainForm$1.class
 |   |_ MainForm$2.class
 |   |_ MainForm.class
 |   |_ MainForm.java
 |   |_ MasterFile.ldb
 |   |_ MasterFile.mdb
 |   |_ Naparansoft Inventory.bat
 |   |_ READ ME FIRST.txt
 |   |_ XPStyleTheme.class
 |   |_ XPStyleTheme.java
 |_ bootmgr
 |_ BOOTNXT
 |_ Documents and Settings
 |_ emu8086
 |   |_ BIOS_ROM
 |   |_ default.binf
 |   |_ DEVICES
 |   |   |_DEVELOPER
 |   |   |  |_DEVELOPER
 |   |   |  |_LED_Display.exe
 |   |   |  |_Printer.exe
 |   |   |  |_Printer.txt
 |   |   |  |_Robot.exe
 |   |   |  |_robot_map.dat
 |   |   |  |_Simple.exe
 |   |   |  |_simplest.com
 |   |   |  |_Stepper_motor.exe
 |   |   |  |_Thermometer.exe
 |   |   |  |_Traffic_Lights.exe
 |   |   |  |_VGA_STATE.exe
 |   |   |  |__READ_ME.txt
 |   |   |_LED_Display.exe
 |   |   |_Printer.exe
 |   |   |_Printer.txt
 |   |   |_Robot.exe
 |   |   |_robot_map.dat
 |   |   |_Simple.exe
 |   |   |_simplest.com
 |   |   |_Stepper_motor.exe
 |   |   |_Thermometer.exe
 |   |   |_Traffic_Lights.exe
 |   |   |_VGA_STATE.exe
 |   |   |__READ_ME.txt
 |   |_ diasm.dll
 |   |_ documentation
 |   |   |_8086_bios_and_dos_interrupts.html
 |   |   |_8086_instruction_set.html
 |   |   |_asm_tutorial_01.html
 |   |   |_asm_tutorial_02.html
 |   |   |_asm_tutorial_03.html
 |   |   |_asm_tutorial_04.html
 |   |   |_asm_tutorial_05.html
 |   |   |_asm_tutorial_06.html
 |   |   |_asm_tutorial_07.html
 |   |   |_asm_tutorial_08.html
 |   |   |_asm_tutorial_09.html
 |   |   |_asm_tutorial_10.html
 |   |   |_asm_tutorial_11.html
 |   |   |_asm_tutorial_12.html
 |   |   |_asm_tutorial_end.html
 |   |   |_compatibility.html
 |   |   |_compiler.html
 |   |   |_custom_memory_map.html
 |   |   |_debug.html
 |   |   |_editor.html
 |   |   |_emulator.html
 |   |   |_help.html
 |   |   |_img
 |   |   |  |_8086_bios_and_dos_interrupts.html
 |   |   |  |_8086_instruction_set.html
 |   |   |  |_asm_tutorial_01.html
 |   |   |  |_asm_tutorial_02.html
 |   |   |  |_asm_tutorial_03.html
 |   |   |  |_asm_tutorial_04.html
 |   |   |  |_asm_tutorial_05.html
 |   |   |  |_asm_tutorial_06.html
 |   |   |  |_asm_tutorial_07.html
 |   |   |  |_asm_tutorial_08.html
 |   |   |  |_asm_tutorial_09.html
 |   |   |  |_asm_tutorial_10.html
 |   |   |  |_asm_tutorial_11.html
 |   |   |  |_asm_tutorial_12.html
 |   |   |  |_asm_tutorial_end.html
 |   |   |  |_compatibility.html
 |   |   |  |_compiler.html
 |   |   |  |_custom_memory_map.html
 |   |   |  |_debug.html
 |   |   |  |_editor.html
 |   |   |  |_emulator.html
 |   |   |  |_help.html
 |   |   |  |_img
 |   |   |  |_index.html
 |   |   |  |_io.html
 |   |   |  |_memory.html
 |   |   |  |_menu.html
 |   |   |  |_numbering_systems_tutorial.html
 |   |   |  |_reference.html
 |   |   |  |_register.html
 |   |   |  |_requirements.html
 |   |   |  |_start.html
 |   |   |  |_start_unframed.html
 |   |   |  |_stop_on_condition.html
 |   |   |  |_tutorials.html
 |   |   |  |__documentation_index.html
 |   |   |  |__readme.txt
 |   |   |_index.html
 |   |   |_io.html
 |   |   |_memory.html
 |   |   |_menu.html
 |   |   |_numbering_systems_tutorial.html
 |   |   |_reference.html
 |   |   |_register.html
 |   |   |_requirements.html
 |   |   |_start.html
 |   |   |_start_unframed.html
 |   |   |_stop_on_condition.html
 |   |   |_tutorials.html
 |   |   |__documentation_index.html
 |   |   |__readme.txt
 |   |_ emu8086.exe.block
 |   |_ emu8086.ini
 |   |_ examples
 |   |   |_0_sample_add_huge_numbers.asm
 |   |   |_0_sample_vga_graphics.asm
 |   |   |_1_sample.asm
 |   |   |_2_sample.asm
 |   |   |_3_sample.asm
 |   |   |_4_sample.asm
 |   |   |_5_sample.asm
 |   |   |_add_two_arrays.asm
 |   |   |_attrib.asm
 |   |   |_bcd_aaa.asm
 |   |   |_bcd_aas.asm
 |   |   |_bin2dec.asm
 |   |   |_bintest.asm
 |   |   |_calc.asm
 |   |   |_Calculator.asm
 |   |   |_cmpsb.asm
 |   |   |_cmpsw.asm
 |   |   |_colors.asm
 |   |   |_convert_string_number_to_binary.asm
 |   |   |_convert_string_to_packed_bcd.asm
 |   |   |_convert_to_upper_case.asm
 |   |   |_count_chars.asm
 |   |   |_Count_Key_Presses.asm
 |   |   |_Custom_Interrupt.asm
 |   |   |_datefile.asm
 |   |   |_double_word.asm
 |   |   |_encrypt_subrotine.asm
 |   |   |_exetest.asm
 |   |   |_factorial.asm
 |   |   |_fahrenheit.asm
 |   |   |_far_call-2.asm
 |   |   |_far_call.asm
 |   |   |_far_call_advanced.asm
 |   |   |_fasm_compatibility.asm
 |   |   |_file-operations.asm
 |   |   |_float.asm
 |   |   |_hello.asm
 |   |   |_HelloWorld.asm
 |   |   |_HexConvertor.asm
 |   |   |_include.asm
 |   |   |_int10_13.asm
 |   |   |_int21.asm
 |   |   |_keybrd.asm
 |   |   |_LED_display_test.asm
 |   |   |_loops.asm
 |   |   |_matrix.asm
 |   |   |_micro-os_kernel.asm
 |   |   |_micro-os_loader.asm
 |   |   |_mouse.asm
 |   |   |_mouse2.asm
 |   |   |_no-close.asm
 |   |   |_pages.asm
 |   |   |_palindrome.asm
 |   |   |_param.asm
 |   |   |_paramexe.asm
 |   |   |_pixel.asm
 |   |   |_print.asm
 |   |   |_PrinterDemo.asm
 |   |   |_print_al.asm
 |   |   |_print_AX.asm
 |   |   |_print_char_by_char.asm
 |   |   |_print_hex_digit.asm
 |   |   |_reverse.asm
 |   |   |_robot.asm
 |   |   |_scasb.asm
 |   |   |_scasw.asm
 |   |   |_scroll.asm
 |   |   |_self_modifying_code.asm
 |   |   |_simplest.asm
 |   |   |_simple_io.asm
 |   |   |_snake.asm
 |   |   |_sort.asm
 |   |   |_stack.asm
 |   |   |_stepper_motor.asm
 |   |   |_string.asm
 |   |   |_thermometer.asm
 |   |   |_timer.asm
 |   |   |_ToBin.asm
 |   |   |_traffic_lights.asm
 |   |   |_traffic_lights2.asm
 |   |   |_writebin.asm
 |   |   |_z01.asm
 |   |   |_z02.asm
 |   |   |_z03.asm
 |   |   |_z04.asm
 |   |   |__ReadMe.txt
 |   |_ fasm
 |   |   |_FASM.EXE
 |   |   |_INCLUDE
 |   |   |  |_FASM.EXE
 |   |   |  |_INCLUDE
 |   |   |  |_LICENSE.TXT
 |   |   |  |_URL.txt
 |   |   |_LICENSE.TXT
 |   |   |_URL.txt
 |   |_ FLOPPY_0
 |   |_ inc
 |   |   |_0_com_template.txt
 |   |   |_1_exe_template.txt
 |   |   |_2_bin_template.txt
 |   |   |_3_boot_template.txt
 |   |   |_emu8086.inc
 |   |   |_fasm_0_com_template.txt
 |   |   |_fasm_1_exe_template.txt
 |   |   |_fasm_2_bin_template.txt
 |   |   |_fasm_3_boot_template.txt
 |   |   |___README_IMPORTANT.txt
 |   |_ INT_VECT
 |   |_ LICENSE.txt
 |   |_ MicroAsm.dll
 |   |_ MyBuild
 |   |   |_ascending.com_
 |   |   |_ascending.com_.debug
 |   |   |_ascending.com_.list
 |   |   |_ascending.com_.symbol
 |   |   |_ascending.com_.~asm
 |   |   |_calc-sum.com_
 |   |   |_calc-sum.com_.debug
 |   |   |_calc-sum.com_.list
 |   |   |_calc-sum.com_.symbol
 |   |   |_calc-sum.com_.~asm
 |   |   |_hi-world.com_
 |   |   |_hi-world.com_.debug
 |   |   |_hi-world.com_.list
 |   |   |_hi-world.com_.symbol
 |   |   |_hi-world.com_.~asm
 |   |   |_noname.com_
 |   |   |_noname.com_.debug
 |   |   |_noname.com_.list
 |   |   |_noname.com_.symbol
 |   |   |_noname.com_.~asm
 |   |_ MySource
 |   |   |_ascending.asm
 |   |   |_mycode.asm
 |   |_ Options
 |   |   |_Fonts.dat
 |   |   |_hotkeys.dat
 |   |   |_Keywords.dat
 |   |   |_LoadFlag.dat
 |   |   |_Other.dat
 |   |_ ReadMe.txt
 |   |_ unins000.dat
 |   |_ unins000.exe
 |   |_ vdrive
 |   |   |_A
 |   |   |  |_A
 |   |   |  |_B
 |   |   |  |_C
 |   |   |  |_D
 |   |   |  |_E
 |   |   |  |_F
 |   |   |  |_tmp
 |   |   |_B
 |   |   |  |_A
 |   |   |  |_B
 |   |   |  |_C
 |   |   |  |_D
 |   |   |  |_E
 |   |   |  |_F
 |   |   |  |_tmp
 |   |   |_C
 |   |   |  |_A
 |   |   |  |_B
 |   |   |  |_C
 |   |   |  |_D
 |   |   |  |_E
 |   |   |  |_F
 |   |   |  |_tmp
 |   |   |_D
 |   |   |  |_A
 |   |   |  |_B
 |   |   |  |_C
 |   |   |  |_D
 |   |   |  |_E
 |   |   |  |_F
 |   |   |  |_tmp
 |   |   |_E
 |   |   |  |_A
 |   |   |  |_B
 |   |   |  |_C
 |   |   |  |_D
 |   |   |  |_E
 |   |   |  |_F
 |   |   |  |_tmp
 |   |   |_F
 |   |   |  |_A
 |   |   |  |_B
 |   |   |  |_C
 |   |   |  |_D
 |   |   |  |_E
 |   |   |  |_F
 |   |   |  |_tmp
 |   |   |_tmp
 |   |   |  |_A
 |   |   |  |_B
 |   |   |  |_C
 |   |   |  |_D
 |   |   |  |_E
 |   |   |  |_F
 |   |   |  |_tmp
 |   |_ version.txt
 |_ hiberfil.sys
 |_ Intel
 |   |_ Logs
 |   |   |_IntelCPHS.log
 |   |   |_IntelGFX.log
 |   |   |_IntelGFXCoin.log
 |_ MSOCache
 |_ Naparansoft Inventory
 |   |_ clsPublicMethods.class
 |   |_ clsPublicMethods.java
 |   |_ clsPublicVariables.java
 |   |_ CnR.bat
 |   |_ COM
 |   |   |_BIROSOFT
 |   |   |  |_BIROSOFT
 |   |_ FrmCustomer$1.class
 |   |_ FrmCustomer$2.class
 |   |_ FrmCustomer.class
 |   |_ FrmCustomer.java
 |   |_ FrmInvoice.class
 |   |_ FrmInvoice.java
 |   |_ FrmProduct$1.class
 |   |_ FrmProduct$2.class
 |   |_ FrmProduct.class
 |   |_ FrmProduct.java
 |   |_ FrmSalesRep$1.class
 |   |_ FrmSalesRep$2.class
 |   |_ FrmSalesRep.class
 |   |_ FrmSalesRep.java
 |   |_ FrmSearchCustomer$1.class
 |   |_ FrmSearchCustomer.class
 |   |_ FrmSearchCustomer.java
 |   |_ FrmSearchProduct$1.class
 |   |_ FrmSearchProduct.class
 |   |_ FrmSearchProduct.java
 |   |_ FrmSearchSalesRep$1.class
 |   |_ FrmSearchSalesRep.class
 |   |_ FrmSearchSalesRep.java
 |   |_ FrmSearchSupplier$1.class
 |   |_ FrmSearchSupplier.class
 |   |_ FrmSearchSupplier.java
 |   |_ FrmSearchWarehouse$1.class
 |   |_ FrmSearchWarehouse.class
 |   |_ FrmSearchWarehouse.java
 |   |_ FrmSplash.class
 |   |_ FrmSplash.java
 |   |_ FrmSupplier$1.class
 |   |_ FrmSupplier$2.class
 |   |_ FrmSupplier.class
 |   |_ FrmSupplier.java
 |   |_ FrmWarehouse$1.class
 |   |_ FrmWarehouse$2.class
 |   |_ FrmWarehouse.class
 |   |_ FrmWarehouse.java
 |   |_ frm_add_edit_customer$1.class
 |   |_ frm_add_edit_customer.class
 |   |_ frm_add_edit_customer.java
 |   |_ frm_add_edit_product$1.class
 |   |_ frm_add_edit_product.class
 |   |_ frm_add_edit_product.java
 |   |_ frm_add_edit_salesrep$1.class
 |   |_ frm_add_edit_salesrep.class
 |   |_ frm_add_edit_salesrep.java
 |   |_ frm_add_edit_supplier$1.class
 |   |_ frm_add_edit_supplier.class
 |   |_ frm_add_edit_supplier.java
 |   |_ frm_add_edit_warehouse$1.class
 |   |_ frm_add_edit_warehouse.class
 |   |_ frm_add_edit_warehouse.java
 |   |_ HELP
 |   |   |_Index.htm
 |   |_ hs_err_pid1528.log
 |   |_ IMAGES
 |   |   |_1BL.PNG
 |   |   |_1O.PNG
 |   |   |_1Q.PNG
 |   |   |_1QN.PNG
 |   |   |_adjustment.png
 |   |   |_APPICON.PNG
 |   |   |_BLN.PNG
 |   |   |_bModify.png
 |   |   |_bNew.png
 |   |   |_BRANCH.PNG
 |   |   |_bSearch.png
 |   |   |_businesssetup.png
 |   |   |_CANCEL.PNG
 |   |   |_categories.png
 |   |   |_CUSTOMER.PNG
 |   |   |_DELETE.PNG
 |   |   |_EXIT.PNG
 |   |   |_EXPENSE.PNG
 |   |   |_HELPER.PNG
 |   |   |_INVOICE.PNG
 |   |   |_lockapplication.png
 |   |   |_LOGGOFF.PNG
 |   |   |_MODIFY.PNG
 |   |   |_NEW.PNG
 |   |   |_newexpense.png
 |   |   |_newinvoice.png
 |   |   |_newpurchaseorder.png
 |   |   |_newrecieve.png
 |   |   |_ON.PNG
 |   |   |_PRINT.PNG
 |   |   |_PRODUCT.PNG
 |   |   |_purchaseorder.png
 |   |   |_RECIEVE.PNG
 |   |   |_RELOAD.PNG
 |   |   |_RESET.PNG
 |   |   |_SalesRep.png
 |   |   |_SAVE.PNG
 |   |   |_SEARCH.PNG
 |   |   |_SECURITY.PNG
 |   |   |_SPLASH.JPG
 |   |   |_SUPPLIER.PNG
 |   |   |_Thumbs.db
 |   |   |_Warehouse.png
 |   |_ MainForm$1.class
 |   |_ MainForm$2.class
 |   |_ MainForm.class
 |   |_ MainForm.java
 |   |_ MasterFile.ldb
 |   |_ MasterFile.mdb
 |   |_ Naparansoft Inventory.bat
 |   |_ READ ME FIRST.txt
 |   |_ XPStyleTheme.class
 |   |_ XPStyleTheme.java
 |_ pagefile.sys
 |_ PerfLogs
 |_ pharma
 |   |_ COM
 |   |   |_BIROSOFT
 |   |   |  |_BIROSOFT
 |   |_ MediDB.mdb
 |   |_ PMSSwing.java
 |   |_ Splash.java
 |   |_ Splash.jpg
 |   |_ THINGS TO BE DONE.txt
 |   |_ XPStyleTheme.java
 |_ Program Files
 |   |_ Adobe
 |   |   |_Adobe Photoshop CS5 (64 Bit)
 |   |   |  |_Adobe Photoshop CS5 (64 Bit)
 |   |_ Android
 |   |   |_Android Studio
 |   |   |  |_Android Studio
 |   |_ Application Verifier
 |   |   |_vrfauto.dll
 |   |   |_vrfauto.h
 |   |   |_vrfauto.idl
 |   |_ AVAST Software
 |   |   |_Avast
 |   |   |  |_Avast
 |   |_ CCleaner
 |   |   |_CCleaner.exe
 |   |   |_CCleaner64.exe
 |   |   |_Lang
 |   |   |  |_CCleaner.exe
 |   |   |  |_CCleaner64.exe
 |   |   |  |_Lang
 |   |   |  |_uninst.exe
 |   |   |_uninst.exe
 |   |_ Common Files
 |   |   |_Adobe
 |   |   |  |_Adobe
 |   |   |  |_ATI Technologies
 |   |   |  |_AV
 |   |   |  |_DESIGNER
 |   |   |  |_Intel
 |   |   |  |_microsoft shared
 |   |   |  |_QCA_Bluetooth
 |   |   |  |_Services
 |   |   |  |_System
 |   |   |  |_VMware
 |   |   |_ATI Technologies
 |   |   |  |_Adobe
 |   |   |  |_ATI Technologies
 |   |   |  |_AV
 |   |   |  |_DESIGNER
 |   |   |  |_Intel
 |   |   |  |_microsoft shared
 |   |   |  |_QCA_Bluetooth
 |   |   |  |_Services
 |   |   |  |_System
 |   |   |  |_VMware
 |   |   |_AV
 |   |   |  |_Adobe
 |   |   |  |_ATI Technologies
 |   |   |  |_AV
 |   |   |  |_DESIGNER
 |   |   |  |_Intel
 |   |   |  |_microsoft shared
 |   |   |  |_QCA_Bluetooth
 |   |   |  |_Services
 |   |   |  |_System
 |   |   |  |_VMware
 |   |   |_DESIGNER
 |   |   |  |_Adobe
 |   |   |  |_ATI Technologies
 |   |   |  |_AV
 |   |   |  |_DESIGNER
 |   |   |  |_Intel
 |   |   |  |_microsoft shared
 |   |   |  |_QCA_Bluetooth
 |   |   |  |_Services
 |   |   |  |_System
 |   |   |  |_VMware
 |   |   |_Intel
 |   |   |  |_Adobe
 |   |   |  |_ATI Technologies
 |   |   |  |_AV
 |   |   |  |_DESIGNER
 |   |   |  |_Intel
 |   |   |  |_microsoft shared
 |   |   |  |_QCA_Bluetooth
 |   |   |  |_Services
 |   |   |  |_System
 |   |   |  |_VMware
 |   |   |_microsoft shared
 |   |   |  |_Adobe
 |   |   |  |_ATI Technologies
 |   |   |  |_AV
 |   |   |  |_DESIGNER
 |   |   |  |_Intel
 |   |   |  |_microsoft shared
 |   |   |  |_QCA_Bluetooth
 |   |   |  |_Services
 |   |   |  |_System
 |   |   |  |_VMware
 |   |   |_QCA_Bluetooth
 |   |   |  |_Adobe
 |   |   |  |_ATI Technologies
 |   |   |  |_AV
 |   |   |  |_DESIGNER
 |   |   |  |_Intel
 |   |   |  |_microsoft shared
 |   |   |  |_QCA_Bluetooth
 |   |   |  |_Services
 |   |   |  |_System
 |   |   |  |_VMware
 |   |   |_Services
 |   |   |  |_Adobe
 |   |   |  |_ATI Technologies
 |   |   |  |_AV
 |   |   |  |_DESIGNER
 |   |   |  |_Intel
 |   |   |  |_microsoft shared
 |   |   |  |_QCA_Bluetooth
 |   |   |  |_Services
 |   |   |  |_System
 |   |   |  |_VMware
 |   |   |_System
 |   |   |  |_Adobe
 |   |   |  |_ATI Technologies
 |   |   |  |_AV
 |   |   |  |_DESIGNER
 |   |   |  |_Intel
 |   |   |  |_microsoft shared
 |   |   |  |_QCA_Bluetooth
 |   |   |  |_Services
 |   |   |  |_System
 |   |   |  |_VMware
 |   |   |_VMware
 |   |   |  |_Adobe
 |   |   |  |_ATI Technologies
 |   |   |  |_AV
 |   |   |  |_DESIGNER
 |   |   |  |_Intel
 |   |   |  |_microsoft shared
 |   |   |  |_QCA_Bluetooth
 |   |   |  |_Services
 |   |   |  |_System
 |   |   |  |_VMware
 |   |_ desktop.ini
 |   |_ IIS Express
 |   |   |_appcmd.exe
 |   |   |_appcmd.xml
 |   |   |_appobj.dll
 |   |   |_AppServer
 |   |   |  |_appcmd.exe
 |   |   |  |_appcmd.xml
 |   |   |  |_appobj.dll
 |   |   |  |_AppServer
 |   |   |  |_asp.dll
 |   |   |  |_asptlb.tlb
 |   |   |  |_authanon.dll
 |   |   |  |_authbas.dll
 |   |   |  |_authcert.dll
 |   |   |  |_authmap.dll
 |   |   |  |_authsspi.dll
 |   |   |  |_browscap.dll
 |   |   |  |_browscap.ini
 |   |   |  |_cachtokn.dll
 |   |   |  |_cachuri.dll
 |   |   |  |_cgi.dll
 |   |   |  |_compdyn.dll
 |   |   |  |_compstat.dll
 |   |   |  |_config
 |   |   |  |_cs
 |   |   |  |_cs-CZ
 |   |   |  |_custerr
 |   |   |  |_custerr.dll
 |   |   |  |_de
 |   |   |  |_de-DE
 |   |   |  |_defdoc.dll
 |   |   |  |_diprestr.dll
 |   |   |  |_dirlist.dll
 |   |   |  |_en
 |   |   |  |_en-us
 |   |   |  |_es
 |   |   |  |_es-ES
 |   |   |  |_filter.dll
 |   |   |  |_fr
 |   |   |  |_fr-FR
 |   |   |  |_gzip.dll
 |   |   |  |_hwebcore.dll
 |   |   |  |_iiscore.dll
 |   |   |  |_iisexpress.exe
 |   |   |  |_iisexpress.exe.manifest
 |   |   |  |_IisExpressAdminCmd.exe
 |   |   |  |_IisExpressAdminCmd.exe.config
 |   |   |  |_IisExpressadminCmd.resources.dll
 |   |   |  |_iisexpresshelper.dll
 |   |   |  |_iisexpressshim.sdb
 |   |   |  |_iisexpresstray.dll
 |   |   |  |_iisexpresstray.exe
 |   |   |  |_iisexpresstray.exe.config
 |   |   |  |_iisexpresstray.exe.manifest
 |   |   |  |_iisfcgi.dll
 |   |   |  |_iisfreb.dll
 |   |   |  |_iisreqs.dll
 |   |   |  |_iisres.dll
 |   |   |  |_iisRtl.dll
 |   |   |  |_iisutil2.dll
 |   |   |  |_iisvermg.dll
 |   |   |  |_iiswsock.dll
 |   |   |  |_iis_ssi.dll
 |   |   |  |_iprestr.dll
 |   |   |  |_isapi.dll
 |   |   |  |_it
 |   |   |  |_it-IT
 |   |   |  |_ja
 |   |   |  |_ja-JP
 |   |   |  |_ko
 |   |   |  |_ko-KR
 |   |   |  |_license.rtf
 |   |   |  |_logcust.dll
 |   |   |  |_loghttp.dll
 |   |   |  |_Microsoft.Web.Tasks.dll
 |   |   |  |_modrqflt.dll
 |   |   |  |_nativrd2.dll
 |   |   |  |_pl
 |   |   |  |_pl-PL
 |   |   |  |_protsup.dll
 |   |   |  |_pt
 |   |   |  |_pt-BR
 |   |   |  |_redirect.dll
 |   |   |  |_REDIST.TXT
 |   |   |  |_Release_Notes.url
 |   |   |  |_rewrite.dll
 |   |   |  |_rsca2.dll
 |   |   |  |_rscaext.dll
 |   |   |  |_rtinfo.dll
 |   |   |  |_ru
 |   |   |  |_ru-RU
 |   |   |  |_static.dll
 |   |   |  |_tr
 |   |   |  |_tr-TR
 |   |   |  |_UpgradeApplicationHost.js
 |   |   |  |_urlauthz.dll
 |   |   |  |_validcfg.dll
 |   |   |  |_w3dt.dll
 |   |   |  |_w3tp.dll
 |   |   |  |_w3wphost.dll
 |   |   |  |_warmup.dll
 |   |   |  |_wbhst_pm.dll
 |   |   |  |_WCF35Setup.js
 |   |   |  |_webdav.dll
 |   |   |  |_webdav_simple_lock.dll
 |   |   |  |_webdav_simple_prop.dll
 |   |   |  |_webmatrixsup.dll
 |   |   |  |_WebSite1
 |   |   |  |_zh-CHS
 |   |   |  |_zh-CHT
 |   |   |  |_zh-CN
 |   |   |  |_zh-TW
 |   |   |_asp.dll
 |   |   |_asptlb.tlb
 |   |   |_authanon.dll
 |   |   |_authbas.dll
 |   |   |_authcert.dll
 |   |   |_authmap.dll
 |   |   |_authsspi.dll
 |   |   |_browscap.dll
 |   |   |_browscap.ini
 |   |   |_cachtokn.dll
 |   |   |_cachuri.dll
 |   |   |_cgi.dll
 |   |   |_compdyn.dll
 |   |   |_compstat.dll
 |   |   |_config
 |   |   |  |_appcmd.exe
 |   |   |  |_appcmd.xml
 |   |   |  |_appobj.dll
 |   |   |  |_AppServer
 |   |   |  |_asp.dll
 |   |   |  |_asptlb.tlb
 |   |   |  |_authanon.dll
 |   |   |  |_authbas.dll
 |   |   |  |_authcert.dll
 |   |   |  |_authmap.dll
 |   |   |  |_authsspi.dll
 |   |   |  |_browscap.dll
 |   |   |  |_browscap.ini
 |   |   |  |_cachtokn.dll
 |   |   |  |_cachuri.dll
 |   |   |  |_cgi.dll
 |   |   |  |_compdyn.dll
 |   |   |  |_compstat.dll
 |   |   |  |_config
 |   |   |  |_cs
 |   |   |  |_cs-CZ
 |   |   |  |_custerr
 |   |   |  |_custerr.dll
 |   |   |  |_de
 |   |   |  |_de-DE
 |   |   |  |_defdoc.dll
 |   |   |  |_diprestr.dll
 |   |   |  |_dirlist.dll
 |   |   |  |_en
 |   |   |  |_en-us
 |   |   |  |_es
 |   |   |  |_es-ES
 |   |   |  |_filter.dll
 |   |   |  |_fr
 |   |   |  |_fr-FR
 |   |   |  |_gzip.dll
 |   |   |  |_hwebcore.dll
 |   |   |  |_iiscore.dll
 |   |   |  |_iisexpress.exe
 |   |   |  |_iisexpress.exe.manifest
 |   |   |  |_IisExpressAdminCmd.exe
 |   |   |  |_IisExpressAdminCmd.exe.config
 |   |   |  |_IisExpressadminCmd.resources.dll
 |   |   |  |_iisexpresshelper.dll
 |   |   |  |_iisexpressshim.sdb
 |   |   |  |_iisexpresstray.dll
 |   |   |  |_iisexpresstray.exe
 |   |   |  |_iisexpresstray.exe.config
 |   |   |  |_iisexpresstray.exe.manifest
 |   |   |  |_iisfcgi.dll
 |   |   |  |_iisfreb.dll
 |   |   |  |_iisreqs.dll
 |   |   |  |_iisres.dll
 |   |   |  |_iisRtl.dll
 |   |   |  |_iisutil2.dll
 |   |   |  |_iisvermg.dll
 |   |   |  |_iiswsock.dll
 |   |   |  |_iis_ssi.dll
 |   |   |  |_iprestr.dll
 |   |   |  |_isapi.dll
 |   |   |  |_it
 |   |   |  |_it-IT
 |   |   |  |_ja
 |   |   |  |_ja-JP
 |   |   |  |_ko
 |   |   |  |_ko-KR
 |   |   |  |_license.rtf
 |   |   |  |_logcust.dll
 |   |   |  |_loghttp.dll
 |   |   |  |_Microsoft.Web.Tasks.dll
 |   |   |  |_modrqflt.dll
 |   |   |  |_nativrd2.dll
 |   |   |  |_pl
 |   |   |  |_pl-PL
 |   |   |  |_protsup.dll
 |   |   |  |_pt
 |   |   |  |_pt-BR
 |   |   |  |_redirect.dll
 |   |   |  |_REDIST.TXT
 |   |   |  |_Release_Notes.url
 |   |   |  |_rewrite.dll
 |   |   |  |_rsca2.dll
 |   |   |  |_rscaext.dll
 |   |   |  |_rtinfo.dll
 |   |   |  |_ru
 |   |   |  |_ru-RU
 |   |   |  |_static.dll
 |   |   |  |_tr
 |   |   |  |_tr-TR
 |   |   |  |_UpgradeApplicationHost.js
 |   |   |  |_urlauthz.dll
 |   |   |  |_validcfg.dll
 |   |   |  |_w3dt.dll
 |   |   |  |_w3tp.dll
 |   |   |  |_w3wphost.dll
 |   |   |  |_warmup.dll
 |   |   |  |_wbhst_pm.dll
 |   |   |  |_WCF35Setup.js
 |   |   |  |_webdav.dll
 |   |   |  |_webdav_simple_lock.dll
 |   |   |  |_webdav_simple_prop.dll
 |   |   |  |_webmatrixsup.dll
 |   |   |  |_WebSite1
 |   |   |  |_zh-CHS
 |   |   |  |_zh-CHT
 |   |   |  |_zh-CN
 |   |   |  |_zh-TW
 |   |   |_cs
 |   |   |  |_appcmd.exe
 |   |   |  |_appcmd.xml
 |   |   |  |_appobj.dll
 |   |   |  |_AppServer
 |   |   |  |_asp.dll
 |   |   |  |_asptlb.tlb
 |   |   |  |_authanon.dll
 |   |   |  |_authbas.dll
 |   |   |  |_authcert.dll
 |   |   |  |_authmap.dll
 |   |   |  |_authsspi.dll
 |   |   |  |_browscap.dll
 |   |   |  |_browscap.ini
 |   |   |  |_cachtokn.dll
 |   |   |  |_cachuri.dll
 |   |   |  |_cgi.dll
 |   |   |  |_compdyn.dll
 |   |   |  |_compstat.dll
 |   |   |  |_config
 |   |   |  |_cs
 |   |   |  |_cs-CZ
 |   |   |  |_custerr
 |   |   |  |_custerr.dll
 |   |   |  |_de
 |   |   |  |_de-DE
 |   |   |  |_defdoc.dll
 |   |   |  |_diprestr.dll
 |   |   |  |_dirlist.dll
 |   |   |  |_en
 |   |   |  |_en-us
 |   |   |  |_es
 |   |   |  |_es-ES
 |   |   |  |_filter.dll
 |   |   |  |_fr
 |   |   |  |_fr-FR
 |   |   |  |_gzip.dll
 |   |   |  |_hwebcore.dll
 |   |   |  |_iiscore.dll
 |   |   |  |_iisexpress.exe
 |   |   |  |_iisexpress.exe.manifest
 |   |   |  |_IisExpressAdminCmd.exe
 |   |   |  |_IisExpressAdminCmd.exe.config
 |   |   |  |_IisExpressadminCmd.resources.dll
 |   |   |  |_iisexpresshelper.dll
 |   |   |  |_iisexpressshim.sdb
 |   |   |  |_iisexpresstray.dll
 |   |   |  |_iisexpresstray.exe
 |   |   |  |_iisexpresstray.exe.config
 |   |   |  |_iisexpresstray.exe.manifest
 |   |   |  |_iisfcgi.dll
 |   |   |  |_iisfreb.dll
 |   |   |  |_iisreqs.dll
 |   |   |  |_iisres.dll
 |   |   |  |_iisRtl.dll
 |   |   |  |_iisutil2.dll
 |   |   |  |_iisvermg.dll
 |   |   |  |_iiswsock.dll
 |   |   |  |_iis_ssi.dll
 |   |   |  |_iprestr.dll
 |   |   |  |_isapi.dll
 |   |   |  |_it
 |   |   |  |_it-IT
 |   |   |  |_ja
 |   |   |  |_ja-JP
 |   |   |  |_ko
 |   |   |  |_ko-KR
 |   |   |  |_license.rtf
 |   |   |  |_logcust.dll
 |   |   |  |_loghttp.dll
 |   |   |  |_Microsoft.Web.Tasks.dll
 |   |   |  |_modrqflt.dll
 |   |   |  |_nativrd2.dll
 |   |   |  |_pl
 |   |   |  |_pl-PL
 |   |   |  |_protsup.dll
 |   |   |  |_pt
 |   |   |  |_pt-BR
 |   |   |  |_redirect.dll
 |   |   |  |_REDIST.TXT
 |   |   |  |_Release_Notes.url
 |   |   |  |_rewrite.dll
 |   |   |  |_rsca2.dll
 |   |   |  |_rscaext.dll
 |   |   |  |_rtinfo.dll
 |   |   |  |_ru
 |   |   |  |_ru-RU
 |   |   |  |_static.dll
 |   |   |  |_tr
 |   |   |  |_tr-TR
 |   |   |  |_UpgradeApplicationHost.js
 |   |   |  |_urlauthz.dll
 |   |   |  |_validcfg.dll
 |   |   |  |_w3dt.dll
 |   |   |  |_w3tp.dll
 |   |   |  |_w3wphost.dll
 |   |   |  |_warmup.dll
 |   |   |  |_wbhst_pm.dll
 |   |   |  |_WCF35Setup.js
 |   |   |  |_webdav.dll
 |   |   |  |_webdav_simple_lock.dll
 |   |   |  |_webdav_simple_prop.dll
 |   |   |  |_webmatrixsup.dll
 |   |   |  |_WebSite1
 |   |   |  |_zh-CHS
 |   |   |  |_zh-CHT
 |   |   |  |_zh-CN
 |   |   |  |_zh-TW
 |   |   |_cs-CZ
 |   |   |  |_appcmd.exe
 |   |   |  |_appcmd.xml
 |   |   |  |_appobj.dll
 |   |   |  |_AppServer
 |   |   |  |_asp.dll
 |   |   |  |_asptlb.tlb
 |   |   |  |_authanon.dll
 |   |   |  |_authbas.dll
 |   |   |  |_authcert.dll
 |   |   |  |_authmap.dll
 |   |   |  |_authsspi.dll
 |   |   |  |_browscap.dll
 |   |   |  |_browscap.ini
 |   |   |  |_cachtokn.dll
 |   |   |  |_cachuri.dll
 |   |   |  |_cgi.dll
 |   |   |  |_compdyn.dll
 |   |   |  |_compstat.dll
 |   |   |  |_config
 |   |   |  |_cs
 |   |   |  |_cs-CZ
 |   |   |  |_custerr
 |   |   |  |_custerr.dll
 |   |   |  |_de
 |   |   |  |_de-DE
 |   |   |  |_defdoc.dll
 |   |   |  |_diprestr.dll
 |   |   |  |_dirlist.dll
 |   |   |  |_en
 |   |   |  |_en-us
 |   |   |  |_es
 |   |   |  |_es-ES
 |   |   |  |_filter.dll
 |   |   |  |_fr
 |   |   |  |_fr-FR
 |   |   |  |_gzip.dll
 |   |   |  |_hwebcore.dll
 |   |   |  |_iiscore.dll
 |   |   |  |_iisexpress.exe
 |   |   |  |_iisexpress.exe.manifest
 |   |   |  |_IisExpressAdminCmd.exe
 |   |   |  |_IisExpressAdminCmd.exe.config
 |   |   |  |_IisExpressadminCmd.resources.dll
 |   |   |  |_iisexpresshelper.dll
 |   |   |  |_iisexpressshim.sdb
 |   |   |  |_iisexpresstray.dll
 |   |   |  |_iisexpresstray.exe
 |   |   |  |_iisexpresstray.exe.config
 |   |   |  |_iisexpresstray.exe.manifest
 |   |   |  |_iisfcgi.dll
 |   |   |  |_iisfreb.dll
 |   |   |  |_iisreqs.dll
 |   |   |  |_iisres.dll
 |   |   |  |_iisRtl.dll
 |   |   |  |_iisutil2.dll
 |   |   |  |_iisvermg.dll
 |   |   |  |_iiswsock.dll
 |   |   |  |_iis_ssi.dll
 |   |   |  |_iprestr.dll
 |   |   |  |_isapi.dll
 |   |   |  |_it
 |   |   |  |_it-IT
 |   |   |  |_ja
 |   |   |  |_ja-JP
 |   |   |  |_ko
 |   |   |  |_ko-KR
 |   |   |  |_license.rtf
 |   |   |  |_logcust.dll
 |   |   |  |_loghttp.dll
 |   |   |  |_Microsoft.Web.Tasks.dll
 |   |   |  |_modrqflt.dll
 |   |   |  |_nativrd2.dll
 |   |   |  |_pl
 |   |   |  |_pl-PL
 |   |   |  |_protsup.dll
 |   |   |  |_pt
 |   |   |  |_pt-BR
 |   |   |  |_redirect.dll
 |   |   |  |_REDIST.TXT
 |   |   |  |_Release_Notes.url
 |   |   |  |_rewrite.dll
 |   |   |  |_rsca2.dll
 |   |   |  |_rscaext.dll
 |   |   |  |_rtinfo.dll
 |   |   |  |_ru
 |   |   |  |_ru-RU
 |   |   |  |_static.dll
 |   |   |  |_tr
 |   |   |  |_tr-TR
 |   |   |  |_UpgradeApplicationHost.js
 |   |   |  |_urlauthz.dll
 |   |   |  |_validcfg.dll
 |   |   |  |_w3dt.dll
 |   |   |  |_w3tp.dll
 |   |   |  |_w3wphost.dll
 |   |   |  |_warmup.dll
 |   |   |  |_wbhst_pm.dll
 |   |   |  |_WCF35Setup.js
 |   |   |  |_webdav.dll
 |   |   |  |_webdav_simple_lock.dll
 |   |   |  |_webdav_simple_prop.dll
 |   |   |  |_webmatrixsup.dll
 |   |   |  |_WebSite1
 |   |   |  |_zh-CHS
 |   |   |  |_zh-CHT
 |   |   |  |_zh-CN
 |   |   |  |_zh-TW
 |   |   |_custerr
 |   |   |  |_appcmd.exe
 |   |   |  |_appcmd.xml
 |   |   |  |_appobj.dll
 |   |   |  |_AppServer
 |   |   |  |_asp.dll
 |   |   |  |_asptlb.tlb
 |   |   |  |_authanon.dll
 |   |   |  |_authbas.dll
 |   |   |  |_authcert.dll
 |   |   |  |_authmap.dll
 |   |   |  |_authsspi.dll
 |   |   |  |_browscap.dll
 |   |   |  |_browscap.ini
 |   |   |  |_cachtokn.dll
 |   |   |  |_cachuri.dll
 |   |   |  |_cgi.dll
 |   |   |  |_compdyn.dll
 |   |   |  |_compstat.dll
 |   |   |  |_config
 |   |   |  |_cs
 |   |   |  |_cs-CZ
 |   |   |  |_custerr
 |   |   |  |_custerr.dll
 |   |   |  |_de
 |   |   |  |_de-DE
 |   |   |  |_defdoc.dll
 |   |   |  |_diprestr.dll
 |   |   |  |_dirlist.dll
 |   |   |  |_en
 |   |   |  |_en-us
 |   |   |  |_es
 |   |   |  |_es-ES
 |   |   |  |_filter.dll
 |   |   |  |_fr
 |   |   |  |_fr-FR
 |   |   |  |_gzip.dll
 |   |   |  |_hwebcore.dll
 |   |   |  |_iiscore.dll
 |   |   |  |_iisexpress.exe
 |   |   |  |_iisexpress.exe.manifest
 |   |   |  |_IisExpressAdminCmd.exe
 |   |   |  |_IisExpressAdminCmd.exe.config
 |   |   |  |_IisExpressadminCmd.resources.dll
 |   |   |  |_iisexpresshelper.dll
 |   |   |  |_iisexpressshim.sdb
 |   |   |  |_iisexpresstray.dll
 |   |   |  |_iisexpresstray.exe
 |   |   |  |_iisexpresstray.exe.config
 |   |   |  |_iisexpresstray.exe.manifest
 |   |   |  |_iisfcgi.dll
 |   |   |  |_iisfreb.dll
 |   |   |  |_iisreqs.dll
 |   |   |  |_iisres.dll
 |   |   |  |_iisRtl.dll
 |   |   |  |_iisutil2.dll
 |   |   |  |_iisvermg.dll
 |   |   |  |_iiswsock.dll
 |   |   |  |_iis_ssi.dll
 |   |   |  |_iprestr.dll
 |   |   |  |_isapi.dll
 |   |   |  |_it
 |   |   |  |_it-IT
 |   |   |  |_ja
 |   |   |  |_ja-JP
 |   |   |  |_ko
 |   |   |  |_ko-KR
 |   |   |  |_license.rtf
 |   |   |  |_logcust.dll
 |   |   |  |_loghttp.dll
 |   |   |  |_Microsoft.Web.Tasks.dll
 |   |   |  |_modrqflt.dll
 |   |   |  |_nativrd2.dll
 |   |   |  |_pl
 |   |   |  |_pl-PL
 |   |   |  |_protsup.dll
 |   |   |  |_pt
 |   |   |  |_pt-BR
 |   |   |  |_redirect.dll
 |   |   |  |_REDIST.TXT
 |   |   |  |_Release_Notes.url
 |   |   |  |_rewrite.dll
 |   |   |  |_rsca2.dll
 |   |   |  |_rscaext.dll
 |   |   |  |_rtinfo.dll
 |   |   |  |_ru
 |   |   |  |_ru-RU
 |   |   |  |_static.dll
 |   |   |  |_tr
 |   |   |  |_tr-TR
 |   |   |  |_UpgradeApplicationHost.js
 |   |   |  |_urlauthz.dll
 |   |   |  |_validcfg.dll
 |   |   |  |_w3dt.dll
 |   |   |  |_w3tp.dll
 |   |   |  |_w3wphost.dll
 |   |   |  |_warmup.dll
 |   |   |  |_wbhst_pm.dll
 |   |   |  |_WCF35Setup.js
 |   |   |  |_webdav.dll
 |   |   |  |_webdav_simple_lock.dll
 |   |   |  |_webdav_simple_prop.dll
 |   |   |  |_webmatrixsup.dll
 |   |   |  |_WebSite1
 |   |   |  |_zh-CHS
 |   |   |  |_zh-CHT
 |   |   |  |_zh-CN
 |   |   |  |_zh-TW
 |   |   |_custerr.dll
 |   |   |_de
 |   |   |  |_appcmd.exe
 |   |   |  |_appcmd.xml
 |   |   |  |_appobj.dll
 |   |   |  |_AppServer
 |   |   |  |_asp.dll
 |   |   |  |_asptlb.tlb
 |   |   |  |_authanon.dll
 |   |   |  |_authbas.dll
 |   |   |  |_authcert.dll
 |   |   |  |_authmap.dll
 |   |   |  |_authsspi.dll
 |   |   |  |_browscap.dll
 |   |   |  |_browscap.ini
 |   |   |  |_cachtokn.dll
 |   |   |  |_cachuri.dll
 |   |   |  |_cgi.dll
 |   |   |  |_compdyn.dll
 |   |   |  |_compstat.dll
 |   |   |  |_config
 |   |   |  |_cs
 |   |   |  |_cs-CZ
 |   |   |  |_custerr
 |   |   |  |_custerr.dll
 |   |   |  |_de
 |   |   |  |_de-DE
 |   |   |  |_defdoc.dll
 |   |   |  |_diprestr.dll
 |   |   |  |_dirlist.dll
 |   |   |  |_en
 |   |   |  |_en-us
 |   |   |  |_es
 |   |   |  |_es-ES
 |   |   |  |_filter.dll
 |   |   |  |_fr
 |   |   |  |_fr-FR
 |   |   |  |_gzip.dll
 |   |   |  |_hwebcore.dll
 |   |   |  |_iiscore.dll
 |   |   |  |_iisexpress.exe
 |   |   |  |_iisexpress.exe.manifest
 |   |   |  |_IisExpressAdminCmd.exe
 |   |   |  |_IisExpressAdminCmd.exe.config
 |   |   |  |_IisExpressadminCmd.resources.dll
 |   |   |  |_iisexpresshelper.dll
 |   |   |  |_iisexpressshim.sdb
 |   |   |  |_iisexpresstray.dll
 |   |   |  |_iisexpresstray.exe
 |   |   |  |_iisexpresstray.exe.config
 |   |   |  |_iisexpresstray.exe.manifest
 |   |   |  |_iisfcgi.dll
 |   |   |  |_iisfreb.dll
 |   |   |  |_iisreqs.dll
 |   |   |  |_iisres.dll
 |   |   |  |_iisRtl.dll
 |   |   |  |_iisutil2.dll
 |   |   |  |_iisvermg.dll
 |   |   |  |_iiswsock.dll
 |   |   |  |_iis_ssi.dll
 |   |   |  |_iprestr.dll
 |   |   |  |_isapi.dll
 |   |   |  |_it
 |   |   |  |_it-IT
 |   |   |  |_ja
 |   |   |  |_ja-JP
 |   |   |  |_ko
 |   |   |  |_ko-KR
 |   |   |  |_license.rtf
 |   |   |  |_logcust.dll
 |   |   |  |_loghttp.dll
 |   |   |  |_Microsoft.Web.Tasks.dll
 |   |   |  |_modrqflt.dll
 |   |   |  |_nativrd2.dll
 |   |   |  |_pl
 |   |   |  |_pl-PL
 |   |   |  |_protsup.dll
 |   |   |  |_pt
 |   |   |  |_pt-BR
 |   |   |  |_redirect.dll
 |   |   |  |_REDIST.TXT
 |   |   |  |_Release_Notes.url
 |   |   |  |_rewrite.dll
 |   |   |  |_rsca2.dll
 |   |   |  |_rscaext.dll
 |   |   |  |_rtinfo.dll
 |   |   |  |_ru
 |   |   |  |_ru-RU
 |   |   |  |_static.dll
 |   |   |  |_tr
 |   |   |  |_tr-TR
 |   |   |  |_UpgradeApplicationHost.js
 |   |   |  |_urlauthz.dll
 |   |   |  |_validcfg.dll
 |   |   |  |_w3dt.dll
 |   |   |  |_w3tp.dll
 |   |   |  |_w3wphost.dll
 |   |   |  |_warmup.dll
 |   |   |  |_wbhst_pm.dll
 |   |   |  |_WCF35Setup.js
 |   |   |  |_webdav.dll
 |   |   |  |_webdav_simple_lock.dll
 |   |   |  |_webdav_simple_prop.dll
 |   |   |  |_webmatrixsup.dll
 |   |   |  |_WebSite1
 |   |   |  |_zh-CHS
 |   |   |  |_zh-CHT
 |   |   |  |_zh-CN
 |   |   |  |_zh-TW
 |   |   |_de-DE
 |   |   |  |_appcmd.exe
 |   |   |  |_appcmd.xml
 |   |   |  |_appobj.dll
 |   |   |  |_AppServer
 |   |   |  |_asp.dll
 |   |   |  |_asptlb.tlb
 |   |   |  |_authanon.dll
 |   |   |  |_authbas.dll
 |   |   |  |_authcert.dll
 |   |   |  |_authmap.dll
 |   |   |  |_authsspi.dll
 |   |   |  |_browscap.dll
 |   |   |  |_browscap.ini
 |   |   |  |_cachtokn.dll
 |   |   |  |_cachuri.dll
 |   |   |  |_cgi.dll
 |   |   |  |_compdyn.dll
 |   |   |  |_compstat.dll
 |   |   |  |_config
 |   |   |  |_cs
 |   |   |  |_cs-CZ
 |   |   |  |_custerr
 |   |   |  |_custerr.dll
 |   |   |  |_de
 |   |   |  |_de-DE
 |   |   |  |_defdoc.dll
 |   |   |  |_diprestr.dll
 |   |   |  |_dirlist.dll
 |   |   |  |_en
 |   |   |  |_en-us
 |   |   |  |_es
 |   |   |  |_es-ES
 |   |   |  |_filter.dll
 |   |   |  |_fr
 |   |   |  |_fr-FR
 |   |   |  |_gzip.dll
 |   |   |  |_hwebcore.dll
 |   |   |  |_iiscore.dll
 |   |   |  |_iisexpress.exe
 |   |   |  |_iisexpress.exe.manifest
 |   |   |  |_IisExpressAdminCmd.exe
 |   |   |  |_IisExpressAdminCmd.exe.config
 |   |   |  |_IisExpressadminCmd.resources.dll
 |   |   |  |_iisexpresshelper.dll
 |   |   |  |_iisexpressshim.sdb
 |   |   |  |_iisexpresstray.dll
 |   |   |  |_iisexpresstray.exe
 |   |   |  |_iisexpresstray.exe.config
 |   |   |  |_iisexpresstray.exe.manifest
 |   |   |  |_iisfcgi.dll
 |   |   |  |_iisfreb.dll
 |   |   |  |_iisreqs.dll
 |   |   |  |_iisres.dll
 |   |   |  |_iisRtl.dll
 |   |   |  |_iisutil2.dll
 |   |   |  |_iisvermg.dll
 |   |   |  |_iiswsock.dll
 |   |   |  |_iis_ssi.dll
 |   |   |  |_iprestr.dll
 |   |   |  |_isapi.dll
 |   |   |  |_it
 |   |   |  |_it-IT
 |   |   |  |_ja
 |   |   |  |_ja-JP
 |   |   |  |_ko
 |   |   |  |_ko-KR
 |   |   |  |_license.rtf
 |   |   |  |_logcust.dll
 |   |   |  |_loghttp.dll
 |   |   |  |_Microsoft.Web.Tasks.dll
 |   |   |  |_modrqflt.dll
 |   |   |  |_nativrd2.dll
 |   |   |  |_pl
 |   |   |  |_pl-PL
 |   |   |  |_protsup.dll
 |   |   |  |_pt
 |   |   |  |_pt-BR
 |   |   |  |_redirect.dll
 |   |   |  |_REDIST.TXT
 |   |   |  |_Release_Notes.url
 |   |   |  |_rewrite.dll
 |   |   |  |_rsca2.dll
 |   |   |  |_rscaext.dll
 |   |   |  |_rtinfo.dll
 |   |   |  |_ru
 |   |   |  |_ru-RU
 |   |   |  |_static.dll
 |   |   |  |_tr
 |   |   |  |_tr-TR
 |   |   |  |_UpgradeApplicationHost.js
 |   |   |  |_urlauthz.dll
 |   |   |  |_validcfg.dll
 |   |   |  |_w3dt.dll
 |   |   |  |_w3tp.dll
 |   |   |  |_w3wphost.dll
 |   |   |  |_warmup.dll
 |   |   |  |_wbhst_pm.dll
 |   |   |  |_WCF35Setup.js
 |   |   |  |_webdav.dll
 |   |   |  |_webdav_simple_lock.dll
 |   |   |  |_webdav_simple_prop.dll
 |   |   |  |_webmatrixsup.dll
 |   |   |  |_WebSite1
 |   |   |  |_zh-CHS
 |   |   |  |_zh-CHT
 |   |   |  |_zh-CN
 |   |   |  |_zh-TW
 |   |   |_defdoc.dll
 |   |   |_diprestr.dll
 |   |   |_dirlist.dll
 |   |   |_en
 |   |   |  |_appcmd.exe
 |   |   |  |_appcmd.xml
 |   |   |  |_appobj.dll
 |   |   |  |_AppServer
 |   |   |  |_asp.dll
 |   |   |  |_asptlb.tlb
 |   |   |  |_authanon.dll
 |   |   |  |_authbas.dll
 |   |   |  |_authcert.dll
 |   |   |  |_authmap.dll
 |   |   |  |_authsspi.dll
 |   |   |  |_browscap.dll
 |   |   |  |_browscap.ini
 |   |   |  |_cachtokn.dll
 |   |   |  |_cachuri.dll
 |   |   |  |_cgi.dll
 |   |   |  |_compdyn.dll
 |   |   |  |_compstat.dll
 |   |   |  |_config
 |   |   |  |_cs
 |   |   |  |_cs-CZ
 |   |   |  |_custerr
 |   |   |  |_custerr.dll
 |   |   |  |_de
 |   |   |  |_de-DE
 |   |   |  |_defdoc.dll
 |   |   |  |_diprestr.dll
 |   |   |  |_dirlist.dll
 |   |   |  |_en
 |   |   |  |_en-us
 |   |   |  |_es
 |   |   |  |_es-ES
 |   |   |  |_filter.dll
 |   |   |  |_fr
 |   |   |  |_fr-FR
 |   |   |  |_gzip.dll
 |   |   |  |_hwebcore.dll
 |   |   |  |_iiscore.dll
 |   |   |  |_iisexpress.exe
 |   |   |  |_iisexpress.exe.manifest
 |   |   |  |_IisExpressAdminCmd.exe
 |   |   |  |_IisExpressAdminCmd.exe.config
 |   |   |  |_IisExpressadminCmd.resources.dll
 |   |   |  |_iisexpresshelper.dll
 |   |   |  |_iisexpressshim.sdb
 |   |   |  |_iisexpresstray.dll
 |   |   |  |_iisexpresstray.exe
 |   |   |  |_iisexpresstray.exe.config
 |   |   |  |_iisexpresstray.exe.manifest
 |   |   |  |_iisfcgi.dll
 |   |   |  |_iisfreb.dll
 |   |   |  |_iisreqs.dll
 |   |   |  |_iisres.dll
 |   |   |  |_iisRtl.dll
 |   |   |  |_iisutil2.dll
 |   |   |  |_iisvermg.dll
 |   |   |  |_iiswsock.dll
 |   |   |  |_iis_ssi.dll
 |   |   |  |_iprestr.dll
 |   |   |  |_isapi.dll
 |   |   |  |_it
 |   |   |  |_it-IT
 |   |   |  |_ja
 |   |   |  |_ja-JP
 |   |   |  |_ko
 |   |   |  |_ko-KR
 |   |   |  |_license.rtf
 |   |   |  |_logcust.dll
 |   |   |  |_loghttp.dll
 |   |   |  |_Microsoft.Web.Tasks.dll
 |   |   |  |_modrqflt.dll
 |   |   |  |_nativrd2.dll
 |   |   |  |_pl
 |   |   |  |_pl-PL
 |   |   |  |_protsup.dll
 |   |   |  |_pt
 |   |   |  |_pt-BR
 |   |   |  |_redirect.dll
 |   |   |  |_REDIST.TXT
 |   |   |  |_Release_Notes.url
 |   |   |  |_rewrite.dll
 |   |   |  |_rsca2.dll
 |   |   |  |_rscaext.dll
 |   |   |  |_rtinfo.dll
 |   |   |  |_ru
 |   |   |  |_ru-RU
 |   |   |  |_static.dll
 |   |   |  |_tr
 |   |   |  |_tr-TR
 |   |   |  |_UpgradeApplicationHost.js
 |   |   |  |_urlauthz.dll
 |   |   |  |_validcfg.dll
 |   |   |  |_w3dt.dll
 |   |   |  |_w3tp.dll
 |   |   |  |_w3wphost.dll
 |   |   |  |_warmup.dll
 |   |   |  |_wbhst_pm.dll
 |   |   |  |_WCF35Setup.js
 |   |   |  |_webdav.dll
 |   |   |  |_webdav_simple_lock.dll
 |   |   |  |_webdav_simple_prop.dll
 |   |   |  |_webmatrixsup.dll
 |   |   |  |_WebSite1
 |   |   |  |_zh-CHS
 |   |   |  |_zh-CHT
 |   |   |  |_zh-CN
 |   |   |  |_zh-TW
 |   |   |_en-us
 |   |   |  |_appcmd.exe
 |   |   |  |_appcmd.xml
 |   |   |  |_appobj.dll
 |   |   |  |_AppServer
 |   |   |  |_asp.dll
 |   |   |  |_asptlb.tlb
 |   |   |  |_authanon.dll
 |   |   |  |_authbas.dll
 |   |   |  |_authcert.dll
 |   |   |  |_authmap.dll
 |   |   |  |_authsspi.dll
 |   |   |  |_browscap.dll
 |   |   |  |_browscap.ini
 |   |   |  |_cachtokn.dll
 |   |   |  |_cachuri.dll
 |   |   |  |_cgi.dll
 |   |   |  |_compdyn.dll
 |   |   |  |_compstat.dll
 |   |   |  |_config
 |   |   |  |_cs
 |   |   |  |_cs-CZ
 |   |   |  |_custerr
 |   |   |  |_custerr.dll
 |   |   |  |_de
 |   |   |  |_de-DE
 |   |   |  |_defdoc.dll
 |   |   |  |_diprestr.dll
 |   |   |  |_dirlist.dll
 |   |   |  |_en
 |   |   |  |_en-us
 |   |   |  |_es
 |   |   |  |_es-ES
 |   |   |  |_filter.dll
 |   |   |  |_fr
 |   |   |  |_fr-FR
 |   |   |  |_gzip.dll
 |   |   |  |_hwebcore.dll
 |   |   |  |_iiscore.dll
 |   |   |  |_iisexpress.exe
 |   |   |  |_iisexpress.exe.manifest
 |   |   |  |_IisExpressAdminCmd.exe
 |   |   |  |_IisExpressAdminCmd.exe.config
 |   |   |  |_IisExpressadminCmd.resources.dll
 |   |   |  |_iisexpresshelper.dll
 |   |   |  |_iisexpressshim.sdb
 |   |   |  |_iisexpresstray.dll
 |   |   |  |_iisexpresstray.exe
 |   |   |  |_iisexpresstray.exe.config
 |   |   |  |_iisexpresstray.exe.manifest
 |   |   |  |_iisfcgi.dll
 |   |   |  |_iisfreb.dll
 |   |   |  |_iisreqs.dll
 |   |   |  |_iisres.dll
 |   |   |  |_iisRtl.dll
 |   |   |  |_iisutil2.dll
 |   |   |  |_iisvermg.dll
 |   |   |  |_iiswsock.dll
 |   |   |  |_iis_ssi.dll
 |   |   |  |_iprestr.dll
 |   |   |  |_isapi.dll
 |   |   |  |_it
 |   |   |  |_it-IT
 |   |   |  |_ja
 |   |   |  |_ja-JP
 |   |   |  |_ko
 |   |   |  |_ko-KR
 |   |   |  |_license.rtf
 |   |   |  |_logcust.dll
 |   |   |  |_loghttp.dll
 |   |   |  |_Microsoft.Web.Tasks.dll
 |   |   |  |_modrqflt.dll
 |   |   |  |_nativrd2.dll
 |   |   |  |_pl
 |   |   |  |_pl-PL
 |   |   |  |_protsup.dll
 |   |   |  |_pt
 |   |   |  |_pt-BR
 |   |   |  |_redirect.dll
 |   |   |  |_REDIST.TXT
 |   |   |  |_Release_Notes.url
 |   |   |  |_rewrite.dll
 |   |   |  |_rsca2.dll
 |   |   |  |_rscaext.dll
 |   |   |  |_rtinfo.dll
 |   |   |  |_ru
 |   |   |  |_ru-RU
 |   |   |  |_static.dll
 |   |   |  |_tr
 |   |   |  |_tr-TR
 |   |   |  |_UpgradeApplicationHost.js
 |   |   |  |_urlauthz.dll
 |   |   |  |_validcfg.dll
 |   |   |  |_w3dt.dll
 |   |   |  |_w3tp.dll
 |   |   |  |_w3wphost.dll
 |   |   |  |_warmup.dll
 |   |   |  |_wbhst_pm.dll
 |   |   |  |_WCF35Setup.js
 |   |   |  |_webdav.dll
 |   |   |  |_webdav_simple_lock.dll
 |   |   |  |_webdav_simple_prop.dll
 |   |   |  |_webmatrixsup.dll
 |   |   |  |_WebSite1
 |   |   |  |_zh-CHS
 |   |   |  |_zh-CHT
 |   |   |  |_zh-CN
 |   |   |  |_zh-TW
 |   |   |_es
 |   |   |  |_appcmd.exe
 |   |   |  |_appcmd.xml
 |   |   |  |_appobj.dll
 |   |   |  |_AppServer
 |   |   |  |_asp.dll
 |   |   |  |_asptlb.tlb
 |   |   |  |_authanon.dll
 |   |   |  |_authbas.dll
 |   |   |  |_authcert.dll
 |   |   |  |_authmap.dll
 |   |   |  |_authsspi.dll
 |   |   |  |_browscap.dll
 |   |   |  |_browscap.ini
 |   |   |  |_cachtokn.dll
 |   |   |  |_cachuri.dll
 |   |   |  |_cgi.dll
 |   |   |  |_compdyn.dll
 |   |   |  |_compstat.dll
 |   |   |  |_config
 |   |   |  |_cs
 |   |   |  |_cs-CZ
 |   |   |  |_custerr
 |   |   |  |_custerr.dll
 |   |   |  |_de
 |   |   |  |_de-DE
 |   |   |  |_defdoc.dll
 |   |   |  |_diprestr.dll
 |   |   |  |_dirlist.dll
 |   |   |  |_en
 |   |   |  |_en-us
 |   |   |  |_es
 |   |   |  |_es-ES
 |   |   |  |_filter.dll
 |   |   |  |_fr
 |   |   |  |_fr-FR
 |   |   |  |_gzip.dll
 |   |   |  |_hwebcore.dll
 |   |   |  |_iiscore.dll
 |   |   |  |_iisexpress.exe
 |   |   |  |_iisexpress.exe.manifest
 |   |   |  |_IisExpressAdminCmd.exe
 |   |   |  |_IisExpressAdminCmd.exe.config
 |   |   |  |_IisExpressadminCmd.resources.dll
 |   |   |  |_iisexpresshelper.dll
 |   |   |  |_iisexpressshim.sdb
 |   |   |  |_iisexpresstray.dll
 |   |   |  |_iisexpresstray.exe
 |   |   |  |_iisexpresstray.exe.config
 |   |   |  |_iisexpresstray.exe.manifest
 |   |   |  |_iisfcgi.dll
 |   |   |  |_iisfreb.dll
 |   |   |  |_iisreqs.dll
 |   |   |  |_iisres.dll
 |   |   |  |_iisRtl.dll
 |   |   |  |_iisutil2.dll
 |   |   |  |_iisvermg.dll
 |   |   |  |_iiswsock.dll
 |   |   |  |_iis_ssi.dll
 |   |   |  |_iprestr.dll
 |   |   |  |_isapi.dll
 |   |   |  |_it
 |   |   |  |_it-IT
 |   |   |  |_ja
 |   |   |  |_ja-JP
 |   |   |  |_ko
 |   |   |  |_ko-KR
 |   |   |  |_license.rtf
 |   |   |  |_logcust.dll
 |   |   |  |_loghttp.dll
 |   |   |  |_Microsoft.Web.Tasks.dll
 |   |   |  |_modrqflt.dll
 |   |   |  |_nativrd2.dll
 |   |   |  |_pl
 |   |   |  |_pl-PL
 |   |   |  |_protsup.dll
 |   |   |  |_pt
 |   |   |  |_pt-BR
 |   |   |  |_redirect.dll
 |   |   |  |_REDIST.TXT
 |   |   |  |_Release_Notes.url
 |   |   |  |_rewrite.dll
 |   |   |  |_rsca2.dll
 |   |   |  |_rscaext.dll
 |   |   |  |_rtinfo.dll
 |   |   |  |_ru
 |   |   |  |_ru-RU
 |   |   |  |_static.dll
 |   |   |  |_tr
 |   |   |  |_tr-TR
 |   |   |  |_UpgradeApplicationHost.js
 |   |   |  |_urlauthz.dll
 |   |   |  |_validcfg.dll
 |   |   |  |_w3dt.dll
 |   |   |  |_w3tp.dll
 |   |   |  |_w3wphost.dll
 |   |   |  |_warmup.dll
 |   |   |  |_wbhst_pm.dll
 |   |   |  |_WCF35Setup.js
 |   |   |  |_webdav.dll
 |   |   |  |_webdav_simple_lock.dll
 |   |   |  |_webdav_simple_prop.dll
 |   |   |  |_webmatrixsup.dll
 |   |   |  |_WebSite1
 |   |   |  |_zh-CHS
 |   |   |  |_zh-CHT
 |   |   |  |_zh-CN
 |   |   |  |_zh-TW
 |   |   |_es-ES
 |   |   |  |_appcmd.exe
 |   |   |  |_appcmd.xml
 |   |   |  |_appobj.dll
 |   |   |  |_AppServer
 |   |   |  |_asp.dll
 |   |   |  |_asptlb.tlb
 |   |   |  |_authanon.dll
 |   |   |  |_authbas.dll
 |   |   |  |_authcert.dll
 |   |   |  |_authmap.dll
 |   |   |  |_authsspi.dll
 |   |   |  |_browscap.dll
 |   |   |  |_browscap.ini
 |   |   |  |_cachtokn.dll
 |   |   |  |_cachuri.dll
 |   |   |  |_cgi.dll
 |   |   |  |_compdyn.dll
 |   |   |  |_compstat.dll
 |   |   |  |_config
 |   |   |  |_cs
 |   |   |  |_cs-CZ
 |   |   |  |_custerr
 |   |   |  |_custerr.dll
 |   |   |  |_de
 |   |   |  |_de-DE
 |   |   |  |_defdoc.dll
 |   |   |  |_diprestr.dll
 |   |   |  |_dirlist.dll
 |   |   |  |_en
 |   |   |  |_en-us
 |   |   |  |_es
 |   |   |  |_es-ES
 |   |   |  |_filter.dll
 |   |   |  |_fr
 |   |   |  |_fr-FR
 |   |   |  |_gzip.dll
 |   |   |  |_hwebcore.dll
 |   |   |  |_iiscore.dll
 |   |   |  |_iisexpress.exe
 |   |   |  |_iisexpress.exe.manifest
 |   |   |  |_IisExpressAdminCmd.exe
 |   |   |  |_IisExpressAdminCmd.exe.config
 |   |   |  |_IisExpressadminCmd.resources.dll
 |   |   |  |_iisexpresshelper.dll
 |   |   |  |_iisexpressshim.sdb
 |   |   |  |_iisexpresstray.dll
 |   |   |  |_iisexpresstray.exe
 |   |   |  |_iisexpresstray.exe.config
 |   |   |  |_